<?xml version="1.0" encoding="UTF-8"?>
<testng-results ignored="0" total="1" passed="1" failed="0" skipped="0">
  <reporter-output>
  </reporter-output>
  <suite started-at="2023-09-14T12:08:44 IST" name="Default suite" finished-at="2023-09-14T12:09:00 IST" duration-ms="16165">
    <groups>
      <group name="cucumber">
        <method signature="AbstractTestNGCucumberTests.runScenario(io.cucumber.testng.PickleWrapper,io.cucumber.testng.FeatureWrapper)[pri:0, instance:runners.TestRunner@683dbc2c]" name="runScenario" class="io.cucumber.testng.AbstractTestNGCucumberTests"/>
      </group> <!-- cucumber -->
    </groups>
    <test started-at="2023-09-14T12:08:44 IST" name="Default test" finished-at="2023-09-14T12:09:00 IST" duration-ms="16165">
      <class name="runners.TestRunner">
        <test-method is-config="true" signature="setUpClass(org.testng.ITestContext)[pri:0, instance:runners.TestRunner@683dbc2c]" started-at="2023-09-14T12:08:44 IST" name="setUpClass" finished-at="2023-09-14T12:08:44 IST" duration-ms="467" status="PASS">
          <params>
            <param index="0">
              <value>
                <![CDATA[org.testng.TestRunner@55bf35e5]]>
              </value>
            </param>
          </params>
          <reporter-output>
          </reporter-output>
        </test-method> <!-- setUpClass -->
        <test-method signature="runScenario(io.cucumber.testng.PickleWrapper,io.cucumber.testng.FeatureWrapper)[pri:0, instance:runners.TestRunner@683dbc2c]" started-at="2023-09-14T12:08:44 IST" name="runScenario" description="Runs Cucumber Scenarios" data-provider="scenarios" finished-at="2023-09-14T12:08:58 IST" duration-ms="14175" status="PASS">
          <params>
            <param index="0">
              <value>
                <![CDATA["confirm all the books having “AddToCart”button"]]>
              </value>
            </param>
            <param index="1">
              <value>
                <![CDATA["Optional[conform AddToCartbutton]"]]>
              </value>
            </param>
          </params>
          <reporter-output>
          </reporter-output>
        </test-method> <!-- runScenario -->
        <test-method is-config="true" signature="tearDownClass()[pri:0, instance:runners.TestRunner@683dbc2c]" started-at="2023-09-14T12:08:58 IST" name="tearDownClass" finished-at="2023-09-14T12:09:00 IST" duration-ms="1471" status="PASS">
          <reporter-output>
          </reporter-output>
        </test-method> <!-- tearDownClass -->
      </class> <!-- runners.TestRunner -->
    </test> <!-- Default test -->
  </suite> <!-- Default suite -->
</testng-results>
